<?xml version="1.0" encoding="UTF-8"?>
<!-- Generated by org.testng.reporters.JUnitXMLReporter -->
<testsuite ignored="0" hostname="SEVEN-BITS" failures="0" tests="3" name="LoginTest" time="32.392" errors="0" timestamp="2022-09-16T11:57:30 IST">
  <testcase classname="com.testcases.LoginPageTest" name="navigation" time="7.335"/>
  <testcase classname="com.testcases.LoginPageTest" name="loginTest" time="8.705"/>
  <testcase classname="com.testcases.LoginPageTest" name="verifyLogIn" time="0.093"/>
</testsuite> <!-- LoginTest -->
